c:\users\ryan\desktop\cs451\cs451-pa4\vcfiles\debug\vc120.pdb
c:\users\ryan\desktop\cs451\cs451-pa4\vcfiles\debug\vc120.idb
c:\users\ryan\desktop\cs451\cs451-pa4\vcfiles\debug\gli.obj
c:\users\ryan\desktop\cs451\cs451-pa4\vcfiles\debug\main.obj
c:\users\ryan\desktop\cs451\cs451-pa4\vcfiles\debug\basic.obj
c:\users\ryan\desktop\cs451\cs451-pa4\vcfiles\debug\quaternion.obj
c:\users\ryan\desktop\cs451\cs451-pa4\vcfiles\debug\model.obj
c:\users\ryan\desktop\cs451\cs451-pa4\vcfiles\debug\modeledge.obj
c:\users\ryan\desktop\cs451\cs451-pa4\vcfiles\debug\modelgraph.obj
c:\users\ryan\desktop\cs451\cs451-pa4\vcfiles\debug\modelnode.obj
c:\users\ryan\desktop\cs451\cs451-pa4\vcfiles\debug\shader.obj
c:\users\ryan\desktop\cs451\cs451-pa4\vcfiles\debug\image_dxt.obj
c:\users\ryan\desktop\cs451\cs451-pa4\vcfiles\debug\image_helper.obj
c:\users\ryan\desktop\cs451\cs451-pa4\vcfiles\debug\soil.obj
c:\users\ryan\desktop\cs451\cs451-pa4\vcfiles\debug\stb_image_aug.obj
c:\users\ryan\desktop\cs451\cs451-pa4\vcfiles\debug\reliefmap.ilk
c:\users\ryan\desktop\cs451\cs451-pa4\vcfiles\debug\reliefmap.exe
c:\users\ryan\desktop\cs451\cs451-pa4\vcfiles\debug\reliefmap.pdb
c:\users\ryan\desktop\cs451\cs451-pa4\vcfiles\debug\reliefmap.tlog\cl.command.1.tlog
c:\users\ryan\desktop\cs451\cs451-pa4\vcfiles\debug\reliefmap.tlog\cl.read.1.tlog
c:\users\ryan\desktop\cs451\cs451-pa4\vcfiles\debug\reliefmap.tlog\cl.write.1.tlog
c:\users\ryan\desktop\cs451\cs451-pa4\vcfiles\debug\reliefmap.tlog\link.command.1.tlog
c:\users\ryan\desktop\cs451\cs451-pa4\vcfiles\debug\reliefmap.tlog\link.read.1.tlog
c:\users\ryan\desktop\cs451\cs451-pa4\vcfiles\debug\reliefmap.tlog\link.write.1.tlog
