C:\USERS\RYAN\DESKTOP\CS425\WOLFE_RYAN_HW1\OGRE_PROJECT\DEBUG\BASEAPPLICATION.OBJ
C:\USERS\RYAN\DESKTOP\CS425\WOLFE_RYAN_HW1\OGRE_PROJECT\DEBUG\TUTORIALAPPLICATION.OBJ
C:\USERS\RYAN\DESKTOP\CS425\WOLFE_RYAN_HW1\OGRE_PROJECT\DEBUG\VC110.PDB
C:\USERS\RYAN\DESKTOP\CS425\WOLFE_RYAN_HW1\DEBUG\GAME_APP.ILK
C:\USERS\RYAN\DESKTOP\CS425\WOLFE_RYAN_HW1\DEBUG\GAME_APP.EXE
C:\USERS\RYAN\DESKTOP\CS425\WOLFE_RYAN_HW1\DEBUG\GAME_APP.PDB
C:\Users\Ryan\Desktop\CS425\WOLFE_RYAN_HW1\OGRE_PROJECT\Debug\BaseApplication.obj
C:\Users\Ryan\Desktop\CS425\WOLFE_RYAN_HW1\OGRE_PROJECT\Debug\TutorialApplication.obj
C:\Users\Ryan\Desktop\CS425\WOLFE_RYAN_HW1\OGRE_PROJECT\Debug\cl.command.1.tlog
C:\Users\Ryan\Desktop\CS425\WOLFE_RYAN_HW1\OGRE_PROJECT\Debug\CL.read.1.tlog
C:\Users\Ryan\Desktop\CS425\WOLFE_RYAN_HW1\OGRE_PROJECT\Debug\CL.write.1.tlog
C:\Users\Ryan\Desktop\CS425\WOLFE_RYAN_HW1\OGRE_PROJECT\Debug\link-cvtres.read.1.tlog
C:\Users\Ryan\Desktop\CS425\WOLFE_RYAN_HW1\OGRE_PROJECT\Debug\link-cvtres.write.1.tlog
C:\Users\Ryan\Desktop\CS425\WOLFE_RYAN_HW1\OGRE_PROJECT\Debug\link-rc.read.1.tlog
C:\Users\Ryan\Desktop\CS425\WOLFE_RYAN_HW1\OGRE_PROJECT\Debug\link-rc.write.1.tlog
C:\Users\Ryan\Desktop\CS425\WOLFE_RYAN_HW1\OGRE_PROJECT\Debug\link.command.1.tlog
C:\Users\Ryan\Desktop\CS425\WOLFE_RYAN_HW1\OGRE_PROJECT\Debug\link.read.1.tlog
C:\Users\Ryan\Desktop\CS425\WOLFE_RYAN_HW1\OGRE_PROJECT\Debug\link.write.1.tlog
C:\Users\Ryan\Desktop\CS425\WOLFE_RYAN_HW1\OGRE_PROJECT\Debug\vc110.idb
C:\Users\Ryan\Desktop\CS425\WOLFE_RYAN_HW1\OGRE_PROJECT\Debug\vc110.pdb
C:\Users\Ryan\Desktop\CS425\WOLFE_RYAN_HW1\Debug\game_app.pdb
C:\Users\Ryan\Desktop\CS425\WOLFE_RYAN_HW1\Debug\game_app.exe
C:\Users\Ryan\Desktop\CS425\WOLFE_RYAN_HW1\Debug\game_app.ilk
