Build started 10/17/2014 11:31:48 AM.
     1>Project "C:\Users\Ryan\Desktop\CS425_svn\CS425\Flocks\CS425App.vcxproj" on node 2 (Build target(s)).
     1>ClCompile:
         C:\Program Files (x86)\Microsoft Visual Studio 11.0\VC\bin\CL.exe /c /I"C:\OgreSDK_vc11_v1-9-0\OgreSDK_vc11_v1-9-0\include\OGRE\Overlay" /I"C:\OgreSDK_vc11_v1-9-0\OgreSDK_vc11_v1-9-0\boost" /I"C:\OgreSDK_vc11_v1-9-0\OgreSDK_vc11_v1-9-0\Samples\Common\include" /I"C:\OgreSDK_vc11_v1-9-0\OgreSDK_vc11_v1-9-0\include\OGRE" /I"C:\OgreSDK_vc11_v1-9-0\OgreSDK_vc11_v1-9-0\include\OIS" /I"C:\OgreSDK_vc11_v1-9-0\OgreSDK_vc11_v1-9-0\include" /ZI /nologo /W3 /WX- /Od /Oy- /D WIN32 /D _DEBUG /D _CONSOLE /D _MBCS /Gm /EHsc /RTC1 /MDd /GS /fp:precise /Zc:wchar_t /Zc:forScope /Fo"Debug\\" /Fd"Debug\vc110.pdb" /Gd /TP /analyze- /errorReport:prompt Agent.cpp GameApplication.cpp main.cpp
         main.cpp
         GameApplication.cpp
         Agent.cpp
         Generating Code...
       Link:
         C:\Program Files (x86)\Microsoft Visual Studio 11.0\VC\bin\link.exe /ERRORREPORT:PROMPT /OUT:"C:\Users\Ryan\Desktop\CS425_svn\CS425\Flocks\Debug\CS425App.exe" /INCREMENTAL /NOLOGO /LIBPATH:"C:\OgreSDK_vc11_v1-9-0\OgreSDK_vc11_v1-9-0\boost\lib" /LIBPATH:"C:\OgreSDK_vc11_v1-9-0\OgreSDK_vc11_v1-9-0\lib\Debug" OgreMain_d.lib OIS_d.lib OgreOverlay_d.lib kernel32.lib user32.lib gdi32.lib winspool.lib comdlg32.lib advapi32.lib shell32.lib ole32.lib oleaut32.lib uuid.lib odbc32.lib odbccp32.lib /MANIFEST /MANIFESTUAC:"level='asInvoker' uiAccess='false'" /manifest:embed /DEBUG /PDB:"C:\Users\Ryan\Desktop\CS425_svn\CS425\Flocks\Debug\CS425App.pdb" /SUBSYSTEM:CONSOLE /TLBID:1 /DYNAMICBASE /NXCOMPAT /IMPLIB:"C:\Users\Ryan\Desktop\CS425_svn\CS425\Flocks\Debug\CS425App.lib" /MACHINE:X86 Debug\Agent.obj
         Debug\BaseApplication.obj
         Debug\GameApplication.obj
         Debug\Grid.obj
         Debug\main.obj
         CS425App.vcxproj -> C:\Users\Ryan\Desktop\CS425_svn\CS425\Flocks\Debug\CS425App.exe
       PostBuildEvent:
         copy "C:\Users\Ryan\Desktop\CS425_svn\CS425\Flocks\Debug\\CS425App.exe" "C:\OgreSDK_vc11_v1-9-0\OgreSDK_vc11_v1-9-0\Bin\Debug"
         :VCEnd
                 1 file(s) copied.
     1>Done Building Project "C:\Users\Ryan\Desktop\CS425_svn\CS425\Flocks\CS425App.vcxproj" (Build target(s)).

Build succeeded.

Time Elapsed 00:00:46.98
