C:\USERS\RYAN\DESKTOP\CS425_SVN\CS425\WOLFE_RYAN_HW3\DEBUG\AGENT.OBJ
C:\USERS\RYAN\DESKTOP\CS425_SVN\CS425\WOLFE_RYAN_HW3\DEBUG\BASEAPPLICATION.OBJ
C:\USERS\RYAN\DESKTOP\CS425_SVN\CS425\WOLFE_RYAN_HW3\DEBUG\GAMEAPPLICATION.OBJ
C:\USERS\RYAN\DESKTOP\CS425_SVN\CS425\WOLFE_RYAN_HW3\DEBUG\GRID.OBJ
C:\USERS\RYAN\DESKTOP\CS425_SVN\CS425\WOLFE_RYAN_HW3\DEBUG\MAIN.OBJ
C:\USERS\RYAN\DESKTOP\CS425_SVN\CS425\WOLFE_RYAN_HW3\DEBUG\VC110.PDB
C:\USERS\RYAN\DESKTOP\CS425_SVN\CS425\A_STAR\DEBUG\AGENT.OBJ
C:\USERS\RYAN\DESKTOP\CS425_SVN\CS425\A_STAR\DEBUG\BASEAPPLICATION.OBJ
C:\USERS\RYAN\DESKTOP\CS425_SVN\CS425\A_STAR\DEBUG\GAMEAPPLICATION.OBJ
C:\USERS\RYAN\DESKTOP\CS425_SVN\CS425\A_STAR\DEBUG\GRID.OBJ
C:\USERS\RYAN\DESKTOP\CS425_SVN\CS425\A_STAR\DEBUG\MAIN.OBJ
C:\USERS\RYAN\DESKTOP\CS425_SVN\CS425\A_STAR\DEBUG\VC110.PDB
C:\USERS\RYAN\DESKTOP\CS425_SVN\CS425\WOLFE_RYAN_HW3\DEBUG\CS425APP.ILK
C:\USERS\RYAN\DESKTOP\CS425_SVN\CS425\WOLFE_RYAN_HW3\DEBUG\CS425APP.EXE
C:\USERS\RYAN\DESKTOP\CS425_SVN\CS425\WOLFE_RYAN_HW3\DEBUG\CS425APP.PDB
C:\USERS\RYAN\DESKTOP\CS425_SVN\CS425\A_STAR\DEBUG\CS425APP.ILK
C:\USERS\RYAN\DESKTOP\CS425_SVN\CS425\A_STAR\DEBUG\CS425APP.EXE
C:\USERS\RYAN\DESKTOP\CS425_SVN\CS425\A_STAR\DEBUG\CS425APP.PDB
C:\Users\Ryan\Desktop\CS425_svn\CS425\A_star\Debug\Agent.obj
C:\Users\Ryan\Desktop\CS425_svn\CS425\A_star\Debug\BaseApplication.obj
C:\Users\Ryan\Desktop\CS425_svn\CS425\A_star\Debug\GameApplication.obj
C:\Users\Ryan\Desktop\CS425_svn\CS425\A_star\Debug\main.obj
C:\Users\Ryan\Desktop\CS425_svn\CS425\A_star\Debug\CS425App.ilk
C:\Users\Ryan\Desktop\CS425_svn\CS425\A_star\Debug\cl.command.1.tlog
C:\Users\Ryan\Desktop\CS425_svn\CS425\A_star\Debug\CL.read.1.tlog
C:\Users\Ryan\Desktop\CS425_svn\CS425\A_star\Debug\CL.write.1.tlog
C:\Users\Ryan\Desktop\CS425_svn\CS425\A_star\Debug\link-cvtres.read.1.tlog
C:\Users\Ryan\Desktop\CS425_svn\CS425\A_star\Debug\link-cvtres.write.1.tlog
C:\Users\Ryan\Desktop\CS425_svn\CS425\A_star\Debug\link-rc.read.1.tlog
C:\Users\Ryan\Desktop\CS425_svn\CS425\A_star\Debug\link-rc.write.1.tlog
C:\Users\Ryan\Desktop\CS425_svn\CS425\A_star\Debug\link.6436-cvtres.read.1.tlog
C:\Users\Ryan\Desktop\CS425_svn\CS425\A_star\Debug\link.6436-cvtres.write.1.tlog
C:\Users\Ryan\Desktop\CS425_svn\CS425\A_star\Debug\link.6436-rc.read.1.tlog
C:\Users\Ryan\Desktop\CS425_svn\CS425\A_star\Debug\link.6436-rc.write.1.tlog
C:\Users\Ryan\Desktop\CS425_svn\CS425\A_star\Debug\link.6436.read.1.tlog
C:\Users\Ryan\Desktop\CS425_svn\CS425\A_star\Debug\link.6436.write.1.tlog
C:\Users\Ryan\Desktop\CS425_svn\CS425\A_star\Debug\link.7044-cvtres.read.1.tlog
C:\Users\Ryan\Desktop\CS425_svn\CS425\A_star\Debug\link.7044-cvtres.write.1.tlog
C:\Users\Ryan\Desktop\CS425_svn\CS425\A_star\Debug\link.7044-rc.read.1.tlog
C:\Users\Ryan\Desktop\CS425_svn\CS425\A_star\Debug\link.7044-rc.write.1.tlog
C:\Users\Ryan\Desktop\CS425_svn\CS425\A_star\Debug\link.7044.read.1.tlog
C:\Users\Ryan\Desktop\CS425_svn\CS425\A_star\Debug\link.7044.write.1.tlog
C:\Users\Ryan\Desktop\CS425_svn\CS425\A_star\Debug\link.command.1.tlog
C:\Users\Ryan\Desktop\CS425_svn\CS425\A_star\Debug\link.read.1.tlog
C:\Users\Ryan\Desktop\CS425_svn\CS425\A_star\Debug\link.write.1.tlog
C:\Users\Ryan\Desktop\CS425_svn\CS425\A_star\Debug\vc110.idb
C:\Users\Ryan\Desktop\CS425_svn\CS425\A_star\Debug\CS425App.pdb
C:\Users\Ryan\Desktop\CS425_svn\CS425\A_star\Debug\vc110.pdb
C:\Users\Ryan\Desktop\CS425_svn\CS425\A_star\Debug\CS425App.exe
