Build started 9/22/2014 4:48:24 PM.
     1>Project "C:\Users\Ryan\Desktop\CS451\cs451-PA2\vc_files\ffd.vcxproj" on node 2 (Build target(s)).
     1>ClCompile:
         C:\Program Files (x86)\Microsoft Visual Studio 12.0\VC\bin\CL.exe /c /I.. /I../mathtool /I../modelgraph /I../GL /AI"C:\Program Files (x86)\Reference Assemblies\Microsoft\Framework\.NETFramework\v4.0" /AI"C:\Program Files (x86)\Windows Kits\8.1\References\CommonConfiguration\Neutral" /Zi /clr /nologo /W3 /WX- /Od /Oy- /D FREEGLUT_STATIC /D WIN32 /D _DEBUG /D _CRT_SECURE_NO_DEPRECATE /D _VC80_UPGRADE=0x0710 /D _MBCS /Gm- /EHa /MDd /GS /fp:precise /Zc:wchar_t /Zc:forScope /Fo"Debug\\" /Fd"Debug\vc120.pdb" /TP /FU"C:\Program Files (x86)\Reference Assemblies\Microsoft\Framework\.NETFramework\v4.0\mscorlib.dll" /analyze- /errorReport:prompt /clr:nostdlib ..\main.cpp
         main.cpp
     1>c:\users\ryan\desktop\cs451\cs451-pa2\main.h(121): warning C4244: 'initializing' : conversion from 'double' to 'float', possible loss of data
     1>c:\users\ryan\desktop\cs451\cs451-pa2\main.h(122): warning C4244: 'initializing' : conversion from 'double' to 'float', possible loss of data
     1>c:\users\ryan\desktop\cs451\cs451-pa2\main.h(123): warning C4244: 'initializing' : conversion from 'double' to 'float', possible loss of data
     1>c:\users\ryan\desktop\cs451\cs451-pa2\main.h(125): warning C4244: 'initializing' : conversion from 'double' to 'float', possible loss of data
     1>c:\users\ryan\desktop\cs451\cs451-pa2\main.h(126): warning C4244: 'initializing' : conversion from 'double' to 'float', possible loss of data
     1>c:\users\ryan\desktop\cs451\cs451-pa2\main.h(127): warning C4244: 'initializing' : conversion from 'double' to 'float', possible loss of data
     1>c:\users\ryan\desktop\cs451\cs451-pa2\main.h(129): warning C4018: '<' : signed/unsigned mismatch
     1>c:\users\ryan\desktop\cs451\cs451-pa2\main.h(130): warning C4018: '<' : signed/unsigned mismatch
     1>c:\users\ryan\desktop\cs451\cs451-pa2\main.h(131): warning C4018: '<' : signed/unsigned mismatch
     1>c:\users\ryan\desktop\cs451\cs451-pa2\main.h(139): warning C4244: '=' : conversion from 'double' to 'float', possible loss of data
     1>c:\users\ryan\desktop\cs451\cs451-pa2\main.h(142): warning C4244: '=' : conversion from 'double' to 'float', possible loss of data
     1>c:\users\ryan\desktop\cs451\cs451-pa2\main.h(145): warning C4244: '=' : conversion from 'double' to 'float', possible loss of data
     1>C:\Users\Ryan\Desktop\CS451\cs451-PA2\draw.h(117): warning C4018: '<' : signed/unsigned mismatch
     1>C:\Users\Ryan\Desktop\CS451\cs451-PA2\draw.h(122): warning C4244: 'argument' : conversion from 'double' to 'GLfloat', possible loss of data
     1>C:\Users\Ryan\Desktop\CS451\cs451-PA2\draw.h(133): warning C4018: '<' : signed/unsigned mismatch
     1>C:\Users\Ryan\Desktop\CS451\cs451-PA2\draw.h(144): warning C4018: '<' : signed/unsigned mismatch
     1>C:\Users\Ryan\Desktop\CS451\cs451-PA2\draw.h(154): warning C4018: '<' : signed/unsigned mismatch
     1>C:\Users\Ryan\Desktop\CS451\cs451-PA2\draw.h(164): warning C4018: '<' : signed/unsigned mismatch
     1>C:\Users\Ryan\Desktop\CS451\cs451-PA2\draw.h(175): warning C4018: '<' : signed/unsigned mismatch
     1>C:\Users\Ryan\Desktop\CS451\cs451-PA2\draw.h(183): warning C4018: '<' : signed/unsigned mismatch
     1>C:\Users\Ryan\Desktop\CS451\cs451-PA2\draw.h(191): warning C4018: '<' : signed/unsigned mismatch
     1>C:\Users\Ryan\Desktop\CS451\cs451-PA2\draw.h(199): warning C4018: '<' : signed/unsigned mismatch
     1>C:\Users\Ryan\Desktop\CS451\cs451-PA2\draw.h(208): warning C4018: '<' : signed/unsigned mismatch
     1>C:\Users\Ryan\Desktop\CS451\cs451-PA2\draw.h(218): warning C4018: '<' : signed/unsigned mismatch
     1>C:\Users\Ryan\Desktop\CS451\cs451-PA2\draw.h(228): warning C4018: '<' : signed/unsigned mismatch
     1>C:\Users\Ryan\Desktop\CS451\cs451-PA2\draw.h(496): warning C4018: '<' : signed/unsigned mismatch
     1>C:\Users\Ryan\Desktop\CS451\cs451-PA2\draw.h(486): warning C4101: 'posZ' : unreferenced local variable
     1>C:\Users\Ryan\Desktop\CS451\cs451-PA2\draw.h(486): warning C4101: 'posY' : unreferenced local variable
     1>C:\Users\Ryan\Desktop\CS451\cs451-PA2\draw.h(486): warning C4101: 'posX' : unreferenced local variable
     1>c:\users\ryan\desktop\cs451\cs451-pa2\draw.h(498): warning C4700: uninitialized local variable 'winZ' used
       Link:
         C:\Program Files (x86)\Microsoft Visual Studio 12.0\VC\bin\link.exe /ERRORREPORT:PROMPT /OUT:"C:\Users\Ryan\Desktop\CS451\cs451-PA2\vc_files\Debug\ffd.exe" /INCREMENTAL /NOLOGO /LIBPATH:../lib freeglut_static.lib glu32.lib opengl32.lib kernel32.lib user32.lib gdi32.lib winspool.lib comdlg32.lib advapi32.lib shell32.lib ole32.lib oleaut32.lib uuid.lib odbc32.lib odbccp32.lib /MANIFEST /MANIFESTUAC:"level='asInvoker' uiAccess='false'" /manifest:embed /DEBUG /PDB:"C:\Users\Ryan\Desktop\CS451\cs451-PA2\vc_files\Debug\ffd.pdb" /ASSEMBLYDEBUG /TLBID:1 /DYNAMICBASE /FIXED:NO /NXCOMPAT /MACHINE:X86 /SAFESEH Debug\Basic.obj
         Debug\gli.obj
         Debug\main.obj
         Debug\Quaternion.obj
         Debug\model.obj
         Debug\ModelEdge.obj
         Debug\ModelGraph.obj
         Debug\ModelNode.obj
         Debug\PointPicker.obj
         "Debug\.NETFramework,Version=v4.0.AssemblyAttributes.obj"
     1>freeglut_static.lib(freeglut_display.obj) : warning LNK4075: ignoring '/EDITANDCONTINUE' due to '/OPT:LBR' specification
     1>freeglut_static.lib(freeglut_callbacks.obj) : warning LNK4099: PDB 'vc90.pdb' was not found with 'freeglut_static.lib(freeglut_callbacks.obj)' or at 'C:\Users\Ryan\Desktop\CS451\cs451-PA2\vc_files\Debug\vc90.pdb'; linking object as if no debug info
     1>freeglut_static.lib(freeglut_cursor.obj) : warning LNK4099: PDB 'vc90.pdb' was not found with 'freeglut_static.lib(freeglut_cursor.obj)' or at 'C:\Users\Ryan\Desktop\CS451\cs451-PA2\vc_files\Debug\vc90.pdb'; linking object as if no debug info
     1>freeglut_static.lib(freeglut_display.obj) : warning LNK4099: PDB 'vc90.pdb' was not found with 'freeglut_static.lib(freeglut_display.obj)' or at 'C:\Users\Ryan\Desktop\CS451\cs451-PA2\vc_files\Debug\vc90.pdb'; linking object as if no debug info
     1>freeglut_static.lib(freeglut_font.obj) : warning LNK4099: PDB 'vc90.pdb' was not found with 'freeglut_static.lib(freeglut_font.obj)' or at 'C:\Users\Ryan\Desktop\CS451\cs451-PA2\vc_files\Debug\vc90.pdb'; linking object as if no debug info
     1>freeglut_static.lib(freeglut_font_data.obj) : warning LNK4099: PDB 'vc90.pdb' was not found with 'freeglut_static.lib(freeglut_font_data.obj)' or at 'C:\Users\Ryan\Desktop\CS451\cs451-PA2\vc_files\Debug\vc90.pdb'; linking object as if no debug info
     1>freeglut_static.lib(freeglut_init.obj) : warning LNK4099: PDB 'vc90.pdb' was not found with 'freeglut_static.lib(freeglut_init.obj)' or at 'C:\Users\Ryan\Desktop\CS451\cs451-PA2\vc_files\Debug\vc90.pdb'; linking object as if no debug info
     1>freeglut_static.lib(freeglut_input_devices.obj) : warning LNK4099: PDB 'vc90.pdb' was not found with 'freeglut_static.lib(freeglut_input_devices.obj)' or at 'C:\Users\Ryan\Desktop\CS451\cs451-PA2\vc_files\Debug\vc90.pdb'; linking object as if no debug info
     1>freeglut_static.lib(freeglut_joystick.obj) : warning LNK4099: PDB 'vc90.pdb' was not found with 'freeglut_static.lib(freeglut_joystick.obj)' or at 'C:\Users\Ryan\Desktop\CS451\cs451-PA2\vc_files\Debug\vc90.pdb'; linking object as if no debug info
     1>freeglut_static.lib(freeglut_main.obj) : warning LNK4099: PDB 'vc90.pdb' was not found with 'freeglut_static.lib(freeglut_main.obj)' or at 'C:\Users\Ryan\Desktop\CS451\cs451-PA2\vc_files\Debug\vc90.pdb'; linking object as if no debug info
     1>freeglut_static.lib(freeglut_menu.obj) : warning LNK4099: PDB 'vc90.pdb' was not found with 'freeglut_static.lib(freeglut_menu.obj)' or at 'C:\Users\Ryan\Desktop\CS451\cs451-PA2\vc_files\Debug\vc90.pdb'; linking object as if no debug info
     1>freeglut_static.lib(freeglut_spaceball.obj) : warning LNK4099: PDB 'vc90.pdb' was not found with 'freeglut_static.lib(freeglut_spaceball.obj)' or at 'C:\Users\Ryan\Desktop\CS451\cs451-PA2\vc_files\Debug\vc90.pdb'; linking object as if no debug info
     1>freeglut_static.lib(freeglut_state.obj) : warning LNK4099: PDB 'vc90.pdb' was not found with 'freeglut_static.lib(freeglut_state.obj)' or at 'C:\Users\Ryan\Desktop\CS451\cs451-PA2\vc_files\Debug\vc90.pdb'; linking object as if no debug info
     1>freeglut_static.lib(freeglut_stroke_mono_roman.obj) : warning LNK4099: PDB 'vc90.pdb' was not found with 'freeglut_static.lib(freeglut_stroke_mono_roman.obj)' or at 'C:\Users\Ryan\Desktop\CS451\cs451-PA2\vc_files\Debug\vc90.pdb'; linking object as if no debug info
     1>freeglut_static.lib(freeglut_stroke_roman.obj) : warning LNK4099: PDB 'vc90.pdb' was not found with 'freeglut_static.lib(freeglut_stroke_roman.obj)' or at 'C:\Users\Ryan\Desktop\CS451\cs451-PA2\vc_files\Debug\vc90.pdb'; linking object as if no debug info
     1>freeglut_static.lib(freeglut_structure.obj) : warning LNK4099: PDB 'vc90.pdb' was not found with 'freeglut_static.lib(freeglut_structure.obj)' or at 'C:\Users\Ryan\Desktop\CS451\cs451-PA2\vc_files\Debug\vc90.pdb'; linking object as if no debug info
     1>freeglut_static.lib(freeglut_window.obj) : warning LNK4099: PDB 'vc90.pdb' was not found with 'freeglut_static.lib(freeglut_window.obj)' or at 'C:\Users\Ryan\Desktop\CS451\cs451-PA2\vc_files\Debug\vc90.pdb'; linking object as if no debug info
         ffd.vcxproj -> C:\Users\Ryan\Desktop\CS451\cs451-PA2\vc_files\Debug\ffd.exe
     1>Done Building Project "C:\Users\Ryan\Desktop\CS451\cs451-PA2\vc_files\ffd.vcxproj" (Build target(s)).

Build succeeded.

Time Elapsed 00:00:01.92
